<?xml version="1.0" encoding="UTF-8"?>
<!-- Generated by org.testng.reporters.JUnitReportReporter -->
<testsuite hostname="LAPTOP-PE52CNM5" name="hdfc.login.test.LoginTest" tests="1" failures="0" timestamp="20 Feb 2022 17:01:31 GMT" time="21.174" errors="0">
  <testcase name="getAppTitle" time="21.174" classname="hdfc.login.test.LoginTest"/>
</testsuite> <!-- hdfc.login.test.LoginTest -->
