<?xml version="1.0" encoding="UTF-8"?>
<!-- Generated by org.testng.reporters.JUnitReportReporter -->
<testsuite hostname="LAPTOP-PE52CNM5" name="hdfc.login.test.LoanInformationTest" tests="1" failures="0" timestamp="20 Feb 2022 18:49:40 GMT" time="60.265" errors="0">
  <testcase name="consent" time="60.265" classname="hdfc.login.test.LoanInformationTest"/>
</testsuite> <!-- hdfc.login.test.LoanInformationTest -->
